{
  "stats": {
    "suites": 1,
    "tests": 1,
    "passes": 0,
    "pending": 0,
    "failures": 1,
    "start": "2023-04-23T08:56:47.039Z",
    "end": "2023-04-23T08:57:05.114Z",
    "duration": 18075,
    "testsRegistered": 1,
    "passPercent": 0,
    "pendingPercent": 0,
    "other": 0,
    "hasOther": false,
    "skipped": 0,
    "hasSkipped": false
  },
  "results": [
    {
      "uuid": "80b0e382-46b0-4efb-9c9b-14b631602f18",
      "title": "",
      "fullFile": "cypress\\e2e\\TC01_validatepagetittle.cy.js",
      "file": "cypress\\e2e\\TC01_validatepagetittle.cy.js",
      "beforeHooks": [],
      "afterHooks": [],
      "tests": [],
      "suites": [
        {
          "uuid": "42023a43-5383-4842-946e-cdfcc13fe933",
          "title": "validate page tittle of amazon site",
          "fullFile": "",
          "file": "",
          "beforeHooks": [],
          "afterHooks": [],
          "tests": [
            {
              "title": "validate page tittle",
              "fullTitle": "validate page tittle of amazon site validate page tittle",
              "timedOut": null,
              "duration": 9181,
              "state": "failed",
              "speed": null,
              "pass": false,
              "fail": true,
              "pending": false,
              "context": null,
              "code": "cy.get(\"//a[text()='Login']\").click();",
              "err": {
                "message": "Error: Syntax error, unrecognized expression: //a[text()='Login']",
                "estack": "Error: Syntax error, unrecognized expression: //a[text()='Login']\n    at Sizzle.error (https://www.flipkart.com/__cypress/runner/cypress_runner.js:100945:8)\n    at Sizzle.tokenize (https://www.flipkart.com/__cypress/runner/cypress_runner.js:101597:11)\n    at Sizzle.select (https://www.flipkart.com/__cypress/runner/cypress_runner.js:102024:20)\n    at Function.Sizzle [as find] (https://www.flipkart.com/__cypress/runner/cypress_runner.js:100249:9)\n    at jQuery.fn.init.find (https://www.flipkart.com/__cypress/runner/cypress_runner.js:102280:11)\n    at new jQuery.fn.init (https://www.flipkart.com/__cypress/runner/cypress_runner.js:102395:40)\n    at Object.query (https://www.flipkart.com/__cypress/runner/cypress_runner.js:174042:10)\n    at $Cy.$$ (https://www.flipkart.com/__cypress/runner/cypress_runner.js:154624:65)\n    at <unknown> (https://www.flipkart.com/__cypress/runner/cypress_runner.js:151050:18)\n    at Object.subjectFn (https://www.flipkart.com/__cypress/runner/cypress_runner.js:161894:16)\n    at $Cy.verifyUpcomingAssertions (https://www.flipkart.com/__cypress/runner/cypress_runner.js:143118:31)\n    at onRetry (https://www.flipkart.com/__cypress/runner/cypress_runner.js:161885:15)\n    at retryQuery (https://www.flipkart.com/__cypress/runner/cypress_runner.js:161898:10)\n    at <unknown> (https://www.flipkart.com/__cypress/runner/cypress_runner.js:162048:17)\n    at tryCatcher (https://www.flipkart.com/__cypress/runner/cypress_runner.js:20941:23)\n    at Promise._settlePromiseFromHandler (https://www.flipkart.com/__cypress/runner/cypress_runner.js:18876:31)\n    at Promise._settlePromise (https://www.flipkart.com/__cypress/runner/cypress_runner.js:18933:18)\n    at Promise._settlePromiseCtx (https://www.flipkart.com/__cypress/runner/cypress_runner.js:18970:10)\n    at _drainQueueStep (https://www.flipkart.com/__cypress/runner/cypress_runner.js:15652:12)\n    at _drainQueue (https://www.flipkart.com/__cypress/runner/cypress_runner.js:15641:9)\n    at ../../node_modules/bluebird/js/release/async.js.Async._drainQueues (https://www.flipkart.com/__cypress/runner/cypress_runner.js:15657:5)\n    at Async.drainQueues (https://www.flipkart.com/__cypress/runner/cypress_runner.js:15527:14)",
                "diff": null
              },
              "uuid": "007f99a3-3908-496e-8da9-3eeed6e83389",
              "parentUUID": "42023a43-5383-4842-946e-cdfcc13fe933",
              "isHook": false,
              "skipped": false
            }
          ],
          "suites": [],
          "passes": [],
          "failures": [
            "007f99a3-3908-496e-8da9-3eeed6e83389"
          ],
          "pending": [],
          "skipped": [],
          "duration": 9181,
          "root": false,
          "rootEmpty": false,
          "_timeout": 2000
        }
      ],
      "passes": [],
      "failures": [],
      "pending": [],
      "skipped": [],
      "duration": 0,
      "root": true,
      "rootEmpty": true,
      "_timeout": 2000
    }
  ],
  "meta": {
    "mocha": {
      "version": "7.0.1"
    },
    "mochawesome": {
      "options": {
        "quiet": false,
        "reportFilename": "mochawesome",
        "saveHtml": false,
        "saveJson": true,
        "consoleReporter": "spec",
        "useInlineDiffs": false,
        "code": true
      },
      "version": "7.1.3"
    },
    "marge": {
      "options": {
        "overwrite": false,
        "html": false,
        "json": true
      },
      "version": "6.2.0"
    }
  }
}